#
# A fatal error has been detected by the Java Runtime Environment:
#
#  EXCEPTION_ACCESS_VIOLATION (0xc0000005) at pc=0x00007ff9372efcc5, pid=6812, tid=4900
#
# JRE version: OpenJDK Runtime Environment (15.0.1+9) (build 15.0.1+9-18)
# Java VM: OpenJDK 64-Bit Server VM (15.0.1+9-18, mixed mode, tiered, compressed oops, g1 gc, windows-amd64)
# Problematic frame:
# V  [jvm.dll+0x2ffcc5]
#
# No core dump will be written. Minidumps are not enabled by default on client versions of Windows
#
# If you would like to submit a bug report, please visit:
#   https://bugreport.java.com/bugreport/crash.jsp
#

---------------  S U M M A R Y ------------

Command Line: -XX:+ShowCodeDetailsInExceptionMessages -agentlib:jdwp=transport=dt_socket,suspend=y,address=localhost:54445 -javaagent:C:\Users\DELL\Downloads\eclipse-java-2020-12-R-win32-x86_64\eclipse\configuration\org.eclipse.osgi\220\0\.cp\lib\javaagent-shaded.jar -Dfile.encoding=Cp1252 practice.Job_laguDe

Host: Intel(R) Core(TM) i5-2450M CPU @ 2.50GHz, 4 cores, 3G,  Windows 10 , 64 bit Build 18362 (10.0.18362.1110)
Time: Tue Aug 16 22:05:25 2022 India Standard Time elapsed time: 138.497298 seconds (0d 0h 2m 18s)

---------------  T H R E A D  ---------------

Current thread (0x000001aaaa26f720):  JavaThread "JDWP Transport Listener: dt_socket" daemon [_thread_in_vm, id=4900, stack(0x00000029f0000000,0x00000029f0100000)] _threads_hazard_ptr=0x000001aaaa72c140

Stack: [0x00000029f0000000,0x00000029f0100000],  sp=0x00000029f00fe890,  free space=1018k
Native frames: (J=compiled Java code, j=interpreted, Vv=VM code, C=native code)
V  [jvm.dll+0x2ffcc5]
V  [jvm.dll+0x3021e2]
V  [jvm.dll+0x3028ee]
V  [jvm.dll+0x2fff9f]
V  [jvm.dll+0x2ff24a]
V  [jvm.dll+0x619c80]
V  [jvm.dll+0x619963]
V  [jvm.dll+0x5df038]
V  [jvm.dll+0x7783ef]
V  [jvm.dll+0x4f04b1]
V  [jvm.dll+0x787e95]
V  [jvm.dll+0x4d430a]
V  [jvm.dll+0x49548b]
C  [jdwp.dll+0x7f79]


siginfo: EXCEPTION_ACCESS_VIOLATION (0xc0000005), reading address 0x0000000000000006


Register to memory mapping:

RIP=0x00007ff9372efcc5 jvm.dll
RAX=0x0 is NULL
RBX=0x00000029f00feb30 is pointing into the stack for thread: 0x000001aaaa26f720
RCX=0x0 is NULL
RDX=0x0 is NULL
RSP=0x00000029f00fe890 is pointing into the stack for thread: 0x000001aaaa26f720
RBP=0x0000000000000001 is an unknown value
RSI=0x0000000000000001 is an unknown value
RDI=0x000001aaaaf483f0 is pointing into metadata
R8 =0x0 is NULL
R9 =0x000001aaaaf483f0 is pointing into metadata
R10=0x000001aaaa1afc74 points into unknown readable memory: 00 00 00 47
R11=0x000001aaaa1afbf0 points into unknown readable memory: 0x8fffffff47000000 | 00 00 00 47 ff ff ff 8f
R12=0x00007ff936ff0000 jvm.dll
R13=0x000001aaaa1afbc8 points into unknown readable memory: 0x00000015c5484000 | 00 40 48 c5 15 00 00 00
R14=0x0 is NULL
R15=0x000000000000001d is an unknown value


Registers:
RAX=0x0000000000000000, RBX=0x00000029f00feb30, RCX=0x0000000000000000, RDX=0x0000000000000000
RSP=0x00000029f00fe890, RBP=0x0000000000000001, RSI=0x0000000000000001, RDI=0x000001aaaaf483f0
R8 =0x0000000000000000, R9 =0x000001aaaaf483f0, R10=0x000001aaaa1afc74, R11=0x000001aaaa1afbf0
R12=0x00007ff936ff0000, R13=0x000001aaaa1afbc8, R14=0x0000000000000000, R15=0x000000000000001d
RIP=0x00007ff9372efcc5, EFLAGS=0x0000000000010206

Top of Stack: (sp=0x00000029f00fe890)
0x00000029f00fe890:   00000029f00fe900 0000000000000000
0x00000029f00fe8a0:   00000029f00fe900 00007ff9370f201e
0x00000029f00fe8b0:   000001aaaaf48700 00000029f00fe978
0x00000029f00fe8c0:   00000029f00feb30 00007ff9372f3b22
0x00000029f00fe8d0:   0000efa99e4ac78e 00007ff9372f343c
0x00000029f00fe8e0:   0000000000000000 0000000000000078
0x00000029f00fe8f0:   00000029f00feb30 00007ff9372f21e2
0x00000029f00fe900:   00000029f00feb30 00000029f00fe9a0
0x00000029f00fe910:   0000000000000001 00007ff937304644
0x00000029f00fe920:   0000002900000015 0000000000000003
0x00000029f00fe930:   0000000000000000 0000000000000012
0x00000029f00fe940:   00000029f00fe9a0 00007ff9370f201e
0x00000029f00fe950:   000001aaaaf48700 00000029f00feb30
0x00000029f00fe960:   000000000000001d 0000000000000003
0x00000029f00fe970:   00000029f00feb30 00007ff9372f28ee
0x00000029f00fe980:   00000029f00fe9d0 0000000000000078 

Instructions: (pc=0x00007ff9372efcc5)
0x00007ff9372efbc5:   42 8b 1c 81 4e 8d 34 81 8b 75 58 41 81 e0 ff ff
0x00007ff9372efbd5:   ff 00 41 81 c8 00 00 00 47 48 8b cd 45 89 06 c7
0x00007ff9372efbe5:   45 58 01 00 00 00 e8 80 38 00 00 66 83 7c 24 68
0x00007ff9372efbf5:   00 41 89 1e 89 75 58 74 40 8b 4c 24 70 49 ff c7
0x00007ff9372efc05:   0f b7 c1 48 83 c7 08 4c 3b f8 0f 8c 4b ff ff ff
0x00007ff9372efc15:   83 7d 5c 00 74 23 48 83 3d 6d 32 78 00 00 74 15
0x00007ff9372efc25:   80 7d 42 00 74 0f 48 8d 15 86 f2 58 00 48 8b cd
0x00007ff9372efc35:   e8 a6 42 00 00 c6 45 42 00 4c 8b 74 24 28 4c 8b
0x00007ff9372efc45:   6c 24 30 4c 8b 64 24 38 48 8b 7c 24 40 48 8b 74
0x00007ff9372efc55:   24 48 48 8b 5c 24 60 4c 8b 7c 24 20 48 83 c4 50
0x00007ff9372efc65:   5d c3 cc cc cc cc cc cc cc cc cc 48 89 5c 24 10
0x00007ff9372efc75:   48 89 6c 24 18 56 57 41 56 48 83 ec 50 48 8b 05
0x00007ff9372efc85:   8f 01 73 00 48 33 c4 48 89 44 24 40 48 8b 41 08
0x00007ff9372efc95:   48 8b d9 41 8b e8 8b f2 45 33 c0 41 8b d1 48 8b
0x00007ff9372efca5:   48 08 48 8b 79 08 48 8b cf e8 8d eb f0 ff 8b d0
0x00007ff9372efcb5:   48 8b cf e8 43 16 f1 ff 48 63 c8 48 8b 44 cf 48
0x00007ff9372efcc5:   0f be 48 06 e8 f2 79 3a 00 8b 0d b0 30 78 00 48
0x00007ff9372efcd5:   8d 3d ad 30 78 00 8d 50 f4 83 fa 01 76 27 8d 50
0x00007ff9372efce5:   f9 f7 c2 fb ff ff ff 74 13 83 f8 0e 48 8d 15 a0
0x00007ff9372efcf5:   30 78 00 4c 8b d7 4c 0f 45 d2 eb 27 4c 8d 15 c0
0x00007ff9372efd05:   30 78 00 eb 1e 8b 84 24 90 00 00 00 4c 8d 54 24
0x00007ff9372efd15:   30 25 ff ff ff 00 89 4c 24 34 0d 00 00 00 46 89
0x00007ff9372efd25:   44 24 30 45 33 c0 85 f6 74 05 49 8b fa eb 29 41
0x00007ff9372efd35:   8b 02 85 c0 74 22 49 8b d0 4d 8b c8 42 89 44 0c
0x00007ff9372efd45:   20 48 8d 52 01 4c 8d 0c 95 00 00 00 00 41 ff c0
0x00007ff9372efd55:   43 8b 04 11 85 c0 75 e4 85 ed 75 10 8b 05 6d cc
0x00007ff9372efd65:   6f 00 49 63 d0 41 ff c0 89 44 94 20 49 63 c0 4c
0x00007ff9372efd75:   8d 74 24 20 89 4c 84 20 8b 74 24 20 85 f6 74 4c
0x00007ff9372efd85:   48 63 53 58 85 d2 7f 18 48 8d 15 ac 07 55 00 48
0x00007ff9372efd95:   8b cb e8 14 48 00 00 44 8b 05 ed 2f 78 00 eb 16
0x00007ff9372efda5:   48 63 4b 20 8d 42 ff 89 43 58 48 03 ca 48 8b 43
0x00007ff9372efdb5:   48 44 8b 44 88 fc 8b d6 48 8b cb e8 5b f0 ff ff 


Stack slot to memory mapping:
stack at sp + 0 slots: 0x00000029f00fe900 is pointing into the stack for thread: 0x000001aaaa26f720
stack at sp + 1 slots: 0x0 is NULL
stack at sp + 2 slots: 0x00000029f00fe900 is pointing into the stack for thread: 0x000001aaaa26f720
stack at sp + 3 slots: 0x00007ff9370f201e jvm.dll
stack at sp + 4 slots: {method} {0x000001aaaaf48708} 'main' '([Ljava/lang/String;)V' in 'practice/Job_laguDe'
stack at sp + 5 slots: 0x00000029f00fe978 is pointing into the stack for thread: 0x000001aaaa26f720
stack at sp + 6 slots: 0x00000029f00feb30 is pointing into the stack for thread: 0x000001aaaa26f720
stack at sp + 7 slots: 0x00007ff9372f3b22 jvm.dll


---------------  P R O C E S S  ---------------

Threads class SMR info:
_java_thread_list=0x000001aaaa72c140, length=14, elements={
0x000001aa90304370, 0x000001aaa967e130, 0x000001aaa9681020, 0x000001aaa96a3020,
0x000001aaa96a58f0, 0x000001aaa96a61b0, 0x000001aaa96a8b80, 0x000001aaa9fbd5a0,
0x000001aaa9fd0290, 0x000001aaaa161fc0, 0x000001aaaa26f720, 0x000001aaaa222500,
0x000001aaaa2229f0, 0x000001aaaa3ae6e0
}

Java Threads: ( => current thread )
  0x000001aa90304370 JavaThread "main" [_thread_blocked, id=6692, stack(0x00000029ef000000,0x00000029ef100000)]
  0x000001aaa967e130 JavaThread "Reference Handler" daemon [_thread_blocked, id=7952, stack(0x00000029ef700000,0x00000029ef800000)]
  0x000001aaa9681020 JavaThread "Finalizer" daemon [_thread_blocked, id=8948, stack(0x00000029ef800000,0x00000029ef900000)]
  0x000001aaa96a3020 JavaThread "Signal Dispatcher" daemon [_thread_blocked, id=4472, stack(0x00000029ef900000,0x00000029efa00000)]
  0x000001aaa96a58f0 JavaThread "Attach Listener" daemon [_thread_blocked, id=1276, stack(0x00000029efa00000,0x00000029efb00000)]
  0x000001aaa96a61b0 JavaThread "Service Thread" daemon [_thread_blocked, id=8148, stack(0x00000029efb00000,0x00000029efc00000)]
  0x000001aaa96a8b80 JavaThread "C2 CompilerThread0" daemon [_thread_blocked, id=4288, stack(0x00000029efc00000,0x00000029efd00000)]
  0x000001aaa9fbd5a0 JavaThread "C1 CompilerThread0" daemon [_thread_blocked, id=7232, stack(0x00000029efd00000,0x00000029efe00000)]
  0x000001aaa9fd0290 JavaThread "Sweeper thread" daemon [_thread_blocked, id=4832, stack(0x00000029efe00000,0x00000029eff00000)]
  0x000001aaaa161fc0 JavaThread "Common-Cleaner" daemon [_thread_blocked, id=2832, stack(0x00000029eff00000,0x00000029f0000000)]
=>0x000001aaaa26f720 JavaThread "JDWP Transport Listener: dt_socket" daemon [_thread_in_vm, id=4900, stack(0x00000029f0000000,0x00000029f0100000)]
  0x000001aaaa222500 JavaThread "JDWP Event Helper Thread" daemon [_thread_blocked, id=6460, stack(0x00000029f0100000,0x00000029f0200000)]
  0x000001aaaa2229f0 JavaThread "JDWP Command Reader" daemon [_thread_in_native, id=5768, stack(0x00000029f0200000,0x00000029f0300000)]
  0x000001aaaa3ae6e0 JavaThread "Notification Thread" daemon [_thread_blocked, id=8404, stack(0x00000029f0300000,0x00000029f0400000)]

Other Threads:
  0x000001aaa964a300 VMThread "VM Thread" [stack: 0x00000029ef600000,0x00000029ef700000] [id=2936]
  0x000001aaaa3aebb0 WatcherThread [stack: 0x00000029f0400000,0x00000029f0500000] [id=2132]
  0x000001aa90335090 GCTaskThread "GC Thread#0" [stack: 0x00000029ef100000,0x00000029ef200000] [id=3284]
  0x000001aa9033efc0 ConcurrentGCThread "G1 Main Marker" [stack: 0x00000029ef200000,0x00000029ef300000] [id=5668]
  0x000001aa90341030 ConcurrentGCThread "G1 Conc#0" [stack: 0x00000029ef300000,0x00000029ef400000] [id=3860]
  0x000001aa9038f970 ConcurrentGCThread "G1 Refine#0" [stack: 0x00000029ef400000,0x00000029ef500000] [id=1820]
  0x000001aa90394250 ConcurrentGCThread "G1 Young RemSet Sampling" [stack: 0x00000029ef500000,0x00000029ef600000] [id=1384]

Threads with active compile tasks:

VM state: not at safepoint (normal execution)

VM Mutex/Monitor currently owned by a thread: None

Heap address: 0x00000000c1600000, size: 1002 MB, Compressed Oops mode: 32-bit
CDS disabled.
Compressed class space mapped at: 0x0000000100000000-0x0000000140000000, size: 1073741824
Narrow klass base: 0x0000000000000000, Narrow klass shift: 3, Narrow klass range: 0x140000000

GC Precious Log:
 CPUs: 4 total, 4 available
 Memory: 4002M
 Large Page Support: Disabled
 NUMA Support: Disabled
 Compressed Oops: Enabled (32-bit)
 Heap Region Size: 1M
 Heap Min Capacity: 8M
 Heap Initial Capacity: 64M
 Heap Max Capacity: 1002M
 Pre-touch: Disabled
 Parallel Workers: 4
 Concurrent Workers: 1
 Concurrent Refinement Workers: 4
 Periodic GC: Disabled

Heap:
 garbage-first heap   total 65536K, used 4096K [0x00000000c1600000, 0x0000000100000000)
  region size 1024K, 5 young (5120K), 0 survivors (0K)
 Metaspace       used 9296K, capacity 9374K, committed 9600K, reserved 1058816K
  class space    used 790K, capacity 821K, committed 896K, reserved 1048576K

Heap Regions: E=young(eden), S=young(survivor), O=old, HS=humongous(starts), HC=humongous(continues), CS=collection set, F=free, OA=open archive, CA=closed archive, TAMS=top-at-mark-start (previous, next)
|   0|0x00000000c1600000, 0x00000000c1600000, 0x00000000c1700000|  0%| F|  |TAMS 0x00000000c1600000, 0x00000000c1600000| Untracked 
|   1|0x00000000c1700000, 0x00000000c1700000, 0x00000000c1800000|  0%| F|  |TAMS 0x00000000c1700000, 0x00000000c1700000| Untracked 
|   2|0x00000000c1800000, 0x00000000c1800000, 0x00000000c1900000|  0%| F|  |TAMS 0x00000000c1800000, 0x00000000c1800000| Untracked 
|   3|0x00000000c1900000, 0x00000000c1900000, 0x00000000c1a00000|  0%| F|  |TAMS 0x00000000c1900000, 0x00000000c1900000| Untracked 
|   4|0x00000000c1a00000, 0x00000000c1a00000, 0x00000000c1b00000|  0%| F|  |TAMS 0x00000000c1a00000, 0x00000000c1a00000| Untracked 
|   5|0x00000000c1b00000, 0x00000000c1b00000, 0x00000000c1c00000|  0%| F|  |TAMS 0x00000000c1b00000, 0x00000000c1b00000| Untracked 
|   6|0x00000000c1c00000, 0x00000000c1c00000, 0x00000000c1d00000|  0%| F|  |TAMS 0x00000000c1c00000, 0x00000000c1c00000| Untracked 
|   7|0x00000000c1d00000, 0x00000000c1d00000, 0x00000000c1e00000|  0%| F|  |TAMS 0x00000000c1d00000, 0x00000000c1d00000| Untracked 
|   8|0x00000000c1e00000, 0x00000000c1e00000, 0x00000000c1f00000|  0%| F|  |TAMS 0x00000000c1e00000, 0x00000000c1e00000| Untracked 
|   9|0x00000000c1f00000, 0x00000000c1f00000, 0x00000000c2000000|  0%| F|  |TAMS 0x00000000c1f00000, 0x00000000c1f00000| Untracked 
|  10|0x00000000c2000000, 0x00000000c2000000, 0x00000000c2100000|  0%| F|  |TAMS 0x00000000c2000000, 0x00000000c2000000| Untracked 
|  11|0x00000000c2100000, 0x00000000c2100000, 0x00000000c2200000|  0%| F|  |TAMS 0x00000000c2100000, 0x00000000c2100000| Untracked 
|  12|0x00000000c2200000, 0x00000000c2200000, 0x00000000c2300000|  0%| F|  |TAMS 0x00000000c2200000, 0x00000000c2200000| Untracked 
|  13|0x00000000c2300000, 0x00000000c2300000, 0x00000000c2400000|  0%| F|  |TAMS 0x00000000c2300000, 0x00000000c2300000| Untracked 
|  14|0x00000000c2400000, 0x00000000c2400000, 0x00000000c2500000|  0%| F|  |TAMS 0x00000000c2400000, 0x00000000c2400000| Untracked 
|  15|0x00000000c2500000, 0x00000000c2500000, 0x00000000c2600000|  0%| F|  |TAMS 0x00000000c2500000, 0x00000000c2500000| Untracked 
|  16|0x00000000c2600000, 0x00000000c2600000, 0x00000000c2700000|  0%| F|  |TAMS 0x00000000c2600000, 0x00000000c2600000| Untracked 
|  17|0x00000000c2700000, 0x00000000c2700000, 0x00000000c2800000|  0%| F|  |TAMS 0x00000000c2700000, 0x00000000c2700000| Untracked 
|  18|0x00000000c2800000, 0x00000000c2800000, 0x00000000c2900000|  0%| F|  |TAMS 0x00000000c2800000, 0x00000000c2800000| Untracked 
|  19|0x00000000c2900000, 0x00000000c2900000, 0x00000000c2a00000|  0%| F|  |TAMS 0x00000000c2900000, 0x00000000c2900000| Untracked 
|  20|0x00000000c2a00000, 0x00000000c2a00000, 0x00000000c2b00000|  0%| F|  |TAMS 0x00000000c2a00000, 0x00000000c2a00000| Untracked 
|  21|0x00000000c2b00000, 0x00000000c2b00000, 0x00000000c2c00000|  0%| F|  |TAMS 0x00000000c2b00000, 0x00000000c2b00000| Untracked 
|  22|0x00000000c2c00000, 0x00000000c2c00000, 0x00000000c2d00000|  0%| F|  |TAMS 0x00000000c2c00000, 0x00000000c2c00000| Untracked 
|  23|0x00000000c2d00000, 0x00000000c2d00000, 0x00000000c2e00000|  0%| F|  |TAMS 0x00000000c2d00000, 0x00000000c2d00000| Untracked 
|  24|0x00000000c2e00000, 0x00000000c2e00000, 0x00000000c2f00000|  0%| F|  |TAMS 0x00000000c2e00000, 0x00000000c2e00000| Untracked 
|  25|0x00000000c2f00000, 0x00000000c2f00000, 0x00000000c3000000|  0%| F|  |TAMS 0x00000000c2f00000, 0x00000000c2f00000| Untracked 
|  26|0x00000000c3000000, 0x00000000c3000000, 0x00000000c3100000|  0%| F|  |TAMS 0x00000000c3000000, 0x00000000c3000000| Untracked 
|  27|0x00000000c3100000, 0x00000000c3100000, 0x00000000c3200000|  0%| F|  |TAMS 0x00000000c3100000, 0x00000000c3100000| Untracked 
|  28|0x00000000c3200000, 0x00000000c3200000, 0x00000000c3300000|  0%| F|  |TAMS 0x00000000c3200000, 0x00000000c3200000| Untracked 
|  29|0x00000000c3300000, 0x00000000c3300000, 0x00000000c3400000|  0%| F|  |TAMS 0x00000000c3300000, 0x00000000c3300000| Untracked 
|  30|0x00000000c3400000, 0x00000000c3400000, 0x00000000c3500000|  0%| F|  |TAMS 0x00000000c3400000, 0x00000000c3400000| Untracked 
|  31|0x00000000c3500000, 0x00000000c3500000, 0x00000000c3600000|  0%| F|  |TAMS 0x00000000c3500000, 0x00000000c3500000| Untracked 
|  32|0x00000000c3600000, 0x00000000c3600000, 0x00000000c3700000|  0%| F|  |TAMS 0x00000000c3600000, 0x00000000c3600000| Untracked 
|  33|0x00000000c3700000, 0x00000000c3700000, 0x00000000c3800000|  0%| F|  |TAMS 0x00000000c3700000, 0x00000000c3700000| Untracked 
|  34|0x00000000c3800000, 0x00000000c3800000, 0x00000000c3900000|  0%| F|  |TAMS 0x00000000c3800000, 0x00000000c3800000| Untracked 
|  35|0x00000000c3900000, 0x00000000c3900000, 0x00000000c3a00000|  0%| F|  |TAMS 0x00000000c3900000, 0x00000000c3900000| Untracked 
|  36|0x00000000c3a00000, 0x00000000c3a00000, 0x00000000c3b00000|  0%| F|  |TAMS 0x00000000c3a00000, 0x00000000c3a00000| Untracked 
|  37|0x00000000c3b00000, 0x00000000c3b00000, 0x00000000c3c00000|  0%| F|  |TAMS 0x00000000c3b00000, 0x00000000c3b00000| Untracked 
|  38|0x00000000c3c00000, 0x00000000c3c00000, 0x00000000c3d00000|  0%| F|  |TAMS 0x00000000c3c00000, 0x00000000c3c00000| Untracked 
|  39|0x00000000c3d00000, 0x00000000c3d00000, 0x00000000c3e00000|  0%| F|  |TAMS 0x00000000c3d00000, 0x00000000c3d00000| Untracked 
|  40|0x00000000c3e00000, 0x00000000c3e00000, 0x00000000c3f00000|  0%| F|  |TAMS 0x00000000c3e00000, 0x00000000c3e00000| Untracked 
|  41|0x00000000c3f00000, 0x00000000c3f00000, 0x00000000c4000000|  0%| F|  |TAMS 0x00000000c3f00000, 0x00000000c3f00000| Untracked 
|  42|0x00000000c4000000, 0x00000000c4000000, 0x00000000c4100000|  0%| F|  |TAMS 0x00000000c4000000, 0x00000000c4000000| Untracked 
|  43|0x00000000c4100000, 0x00000000c4100000, 0x00000000c4200000|  0%| F|  |TAMS 0x00000000c4100000, 0x00000000c4100000| Untracked 
|  44|0x00000000c4200000, 0x00000000c4200000, 0x00000000c4300000|  0%| F|  |TAMS 0x00000000c4200000, 0x00000000c4200000| Untracked 
|  45|0x00000000c4300000, 0x00000000c4300000, 0x00000000c4400000|  0%| F|  |TAMS 0x00000000c4300000, 0x00000000c4300000| Untracked 
|  46|0x00000000c4400000, 0x00000000c4400000, 0x00000000c4500000|  0%| F|  |TAMS 0x00000000c4400000, 0x00000000c4400000| Untracked 
|  47|0x00000000c4500000, 0x00000000c4500000, 0x00000000c4600000|  0%| F|  |TAMS 0x00000000c4500000, 0x00000000c4500000| Untracked 
|  48|0x00000000c4600000, 0x00000000c4600000, 0x00000000c4700000|  0%| F|  |TAMS 0x00000000c4600000, 0x00000000c4600000| Untracked 
|  49|0x00000000c4700000, 0x00000000c4700000, 0x00000000c4800000|  0%| F|  |TAMS 0x00000000c4700000, 0x00000000c4700000| Untracked 
|  50|0x00000000c4800000, 0x00000000c4800000, 0x00000000c4900000|  0%| F|  |TAMS 0x00000000c4800000, 0x00000000c4800000| Untracked 
|  51|0x00000000c4900000, 0x00000000c4900000, 0x00000000c4a00000|  0%| F|  |TAMS 0x00000000c4900000, 0x00000000c4900000| Untracked 
|  52|0x00000000c4a00000, 0x00000000c4a00000, 0x00000000c4b00000|  0%| F|  |TAMS 0x00000000c4a00000, 0x00000000c4a00000| Untracked 
|  53|0x00000000c4b00000, 0x00000000c4b00000, 0x00000000c4c00000|  0%| F|  |TAMS 0x00000000c4b00000, 0x00000000c4b00000| Untracked 
|  54|0x00000000c4c00000, 0x00000000c4c00000, 0x00000000c4d00000|  0%| F|  |TAMS 0x00000000c4c00000, 0x00000000c4c00000| Untracked 
|  55|0x00000000c4d00000, 0x00000000c4d00000, 0x00000000c4e00000|  0%| F|  |TAMS 0x00000000c4d00000, 0x00000000c4d00000| Untracked 
|  56|0x00000000c4e00000, 0x00000000c4e00000, 0x00000000c4f00000|  0%| F|  |TAMS 0x00000000c4e00000, 0x00000000c4e00000| Untracked 
|  57|0x00000000c4f00000, 0x00000000c4f00000, 0x00000000c5000000|  0%| F|  |TAMS 0x00000000c4f00000, 0x00000000c4f00000| Untracked 
|  58|0x00000000c5000000, 0x00000000c5000000, 0x00000000c5100000|  0%| F|  |TAMS 0x00000000c5000000, 0x00000000c5000000| Untracked 
|  59|0x00000000c5100000, 0x00000000c5200000, 0x00000000c5200000|100%| E|  |TAMS 0x00000000c5100000, 0x00000000c5100000| Complete 
|  60|0x00000000c5200000, 0x00000000c5300000, 0x00000000c5300000|100%| E|CS|TAMS 0x00000000c5200000, 0x00000000c5200000| Complete 
|  61|0x00000000c5300000, 0x00000000c5400000, 0x00000000c5400000|100%| E|CS|TAMS 0x00000000c5300000, 0x00000000c5300000| Complete 
|  62|0x00000000c5400000, 0x00000000c5500000, 0x00000000c5500000|100%| E|CS|TAMS 0x00000000c5400000, 0x00000000c5400000| Complete 
|  63|0x00000000c5500000, 0x00000000c5600000, 0x00000000c5600000|100%| E|CS|TAMS 0x00000000c5500000, 0x00000000c5500000| Complete 

Card table byte_map: [0x000001aaa4d00000,0x000001aaa4f00000] _byte_map_base: 0x000001aaa46f5000

Marking Bits (Prev, Next): (CMBitMap*) 0x000001aa90336820, (CMBitMap*) 0x000001aa90336860
 Prev Bits: [0x000001aaa5100000, 0x000001aaa60a8000)
 Next Bits: [0x000001aaa60b0000, 0x000001aaa7058000)

Polling page: 0x000001aa90110000

Metaspace:

Usage:
  Non-class:      8.35 MB capacity,     8.31 MB (>99%) used,    41.51 KB ( <1%) free+waste,     5.44 KB ( <1%) overhead. 
      Class:    821.00 KB capacity,   790.41 KB ( 96%) used,    28.91 KB (  4%) free+waste,     1.69 KB ( <1%) overhead. 
       Both:      9.15 MB capacity,     9.08 MB (>99%) used,    70.41 KB ( <1%) free+waste,     7.13 KB ( <1%) overhead. 

Virtual space:
  Non-class space:       10.00 MB reserved,       8.50 MB ( 85%) committed 
      Class space:        1.00 GB reserved,     896.00 KB ( <1%) committed 
             Both:        1.01 GB reserved,       9.38 MB ( <1%) committed 

Chunk freelists:
   Non-Class:  23.00 KB
       Class:  11.00 KB
        Both:  34.00 KB

MaxMetaspaceSize: 17179869184.00 GB
CompressedClassSpaceSize: 1.00 GB

CodeHeap 'non-profiled nmethods': size=120000Kb used=123Kb max_used=123Kb free=119876Kb
 bounds [0x000001aa9cfb0000, 0x000001aa9d220000, 0x000001aaa44e0000]
CodeHeap 'profiled nmethods': size=120000Kb used=564Kb max_used=564Kb free=119435Kb
 bounds [0x000001aa95a80000, 0x000001aa95cf0000, 0x000001aa9cfb0000]
CodeHeap 'non-nmethods': size=5760Kb used=1224Kb max_used=1240Kb free=4535Kb
 bounds [0x000001aa954e0000, 0x000001aa95750000, 0x000001aa95a80000]
 total_blobs=815 nmethods=429 adapters=299
 compilation: enabled
              stopped_count=0, restarted_count=0
 full_count=0

Compilation events (20 events):
Event: 0.642 Thread 0x000001aaa9fbd5a0 nmethod 422 0x000001aa95b09d10 code [0x000001aa95b09ec0, 0x000001aa95b0a088]
Event: 0.642 Thread 0x000001aaa96a8b80 nmethod 405 0x000001aa9cfcdb90 code [0x000001aa9cfcdd20, 0x000001aa9cfce6f8]
Event: 0.643 Thread 0x000001aaa96a8b80  415       4       java.lang.String::charAt (25 bytes)
Event: 0.644 Thread 0x000001aaa96a8b80 nmethod 415 0x000001aa9cfce990 code [0x000001aa9cfceb20, 0x000001aa9cfcec88]
Event: 0.645 Thread 0x000001aaa9fbd5a0  423   !   3       java.security.cert.Certificate::equals (38 bytes)
Event: 0.645 Thread 0x000001aaa9fbd5a0 nmethod 423 0x000001aa95b0a190 code [0x000001aa95b0a400, 0x000001aa95b0b108]
Event: 0.645 Thread 0x000001aaa9fbd5a0  424       3       sun.security.x509.X509CertImpl::getEncodedInternal (20 bytes)
Event: 0.645 Thread 0x000001aaa9fbd5a0 nmethod 424 0x000001aa95b0b590 code [0x000001aa95b0b780, 0x000001aa95b0bc98]
Event: 0.646 Thread 0x000001aaa9fbd5a0  425       3       java.lang.StringConcatHelper::stringOf (20 bytes)
Event: 0.646 Thread 0x000001aaa9fbd5a0 nmethod 425 0x000001aa95b0be10 code [0x000001aa95b0bfc0, 0x000001aa95b0c1e8]
Event: 0.646 Thread 0x000001aaa9fbd5a0  426       3       java.lang.reflect.Modifier::isProtected (12 bytes)
Event: 0.646 Thread 0x000001aaa9fbd5a0 nmethod 426 0x000001aa95b0c290 code [0x000001aa95b0c420, 0x000001aa95b0c558]
Event: 0.647 Thread 0x000001aaa9fbd5a0  427       3       java.lang.Character::toLowerCase (9 bytes)
Event: 0.647 Thread 0x000001aaa9fbd5a0 nmethod 427 0x000001aa95b0c610 code [0x000001aa95b0c7c0, 0x000001aa95b0c998]
Event: 112.624 Thread 0x000001aaa9fbd5a0  428       3       org.eclipse.jdt.launching.internal.org.objectweb.asm.ClassReader::readUnsignedShort (26 bytes)
Event: 112.625 Thread 0x000001aaa9fbd5a0 nmethod 428 0x000001aa95b0ca90 code [0x000001aa95b0cc20, 0x000001aa95b0cd78]
Event: 112.625 Thread 0x000001aaa9fbd5a0  429       3       java.lang.String::<init> (74 bytes)
Event: 112.629 Thread 0x000001aaa9fbd5a0 

Event: 112.629 Thread 0x000001aaa9fbd5a0  430       3       java.lang.StringUTF16::compress (20 bytes)
Event: 112.629 Thread 0x000001aaa9fbd5a0 nmethod 430 0x000001aa95b0ce90 code [0x000001aa95b0d040, 0x000001aa95b0d268]

GC Heap History (0 events):
No events

Deoptimization events (20 events):
Event: 0.625 Thread 0x000001aa90304370 DEOPT PACKING pc=0x000001aa95af3f61 sp=0x00000029ef0f7c50
Event: 0.625 Thread 0x000001aa90304370 DEOPT UNPACKING pc=0x000001aa9552e23f sp=0x00000029ef0f7118 mode 0
Event: 0.626 Thread 0x000001aa90304370 DEOPT PACKING pc=0x000001aa95af3f61 sp=0x00000029ef0f7c50
Event: 0.626 Thread 0x000001aa90304370 DEOPT UNPACKING pc=0x000001aa9552e23f sp=0x00000029ef0f7118 mode 0
Event: 0.627 Thread 0x000001aa90304370 DEOPT PACKING pc=0x000001aa95af3f61 sp=0x00000029ef0f7c50
Event: 0.627 Thread 0x000001aa90304370 DEOPT UNPACKING pc=0x000001aa9552e23f sp=0x00000029ef0f7118 mode 0
Event: 0.629 Thread 0x000001aa90304370 DEOPT PACKING pc=0x000001aa95af3f61 sp=0x00000029ef0f7c50
Event: 0.629 Thread 0x000001aa90304370 DEOPT UNPACKING pc=0x000001aa9552e23f sp=0x00000029ef0f7118 mode 0
Event: 0.629 Thread 0x000001aa90304370 DEOPT PACKING pc=0x000001aa95af3f61 sp=0x00000029ef0f7c50
Event: 0.629 Thread 0x000001aa90304370 DEOPT UNPACKING pc=0x000001aa9552e23f sp=0x00000029ef0f7118 mode 0
Event: 0.631 Thread 0x000001aa90304370 DEOPT PACKING pc=0x000001aa95af3f61 sp=0x00000029ef0f7c50
Event: 0.631 Thread 0x000001aa90304370 DEOPT UNPACKING pc=0x000001aa9552e23f sp=0x00000029ef0f7118 mode 0
Event: 0.634 Thread 0x000001aa90304370 DEOPT PACKING pc=0x000001aa95af3f61 sp=0x00000029ef0fb730
Event: 0.634 Thread 0x000001aa90304370 DEOPT UNPACKING pc=0x000001aa9552e23f sp=0x00000029ef0fabf8 mode 0
Event: 0.634 Thread 0x000001aa90304370 DEOPT PACKING pc=0x000001aa95af3f61 sp=0x00000029ef0fb730
Event: 0.634 Thread 0x000001aa90304370 DEOPT UNPACKING pc=0x000001aa9552e23f sp=0x00000029ef0fabf8 mode 0
Event: 0.636 Thread 0x000001aa90304370 DEOPT PACKING pc=0x000001aa95af3f61 sp=0x00000029ef0f7bd0
Event: 0.636 Thread 0x000001aa90304370 DEOPT UNPACKING pc=0x000001aa9552e23f sp=0x00000029ef0f7098 mode 0
Event: 0.638 Thread 0x000001aa90304370 DEOPT PACKING pc=0x000001aa95af3f61 sp=0x00000029ef0fb660
Event: 0.639 Thread 0x000001aa90304370 DEOPT UNPACKING pc=0x000001aa9552e23f sp=0x00000029ef0fab28 mode 0

Classes unloaded (0 events):
No events

Classes redefined (2 events):
Event: 66.933 Thread 0x000001aaa964a300 redefined class name=practice.Job_laguDe, count=1
Event: 112.626 Thread 0x000001aaa964a300 redefined class name=practice.Job_laguDe, count=2

Internal exceptions (3 events):
Event: 0.462 Thread 0x000001aa90304370 Exception <a 'java/lang/NoSuchMethodError'{0x00000000c531f7e0}: 'void java.lang.invoke.DirectMethodHandle$Holder.invokeStatic(java.lang.Object, java.lang.Object)'> (0x00000000c531f7e0) 
thrown [./open/src/hotspot/share/interpreter/linkResolver.cpp, line 782]
Event: 0.463 Thread 0x000001aa90304370 Exception <a 'java/lang/NoSuchMethodError'{0x00000000c5323488}: 'void java.lang.invoke.DirectMethodHandle$Holder.invokeStaticInit(java.lang.Object, java.lang.Object)'> (0x00000000c5323488) 
thrown [./open/src/hotspot/share/interpreter/linkResolver.cpp, line 782]
Event: 0.595 Thread 0x000001aa90304370 Exception <a 'java/lang/NoSuchMethodError'{0x00000000c5104f90}: 'java.lang.Object java.lang.invoke.DirectMethodHandle$Holder.invokeStatic(java.lang.Object)'> (0x00000000c5104f90) 
thrown [./open/src/hotspot/share/interpreter/linkResolver.cpp, line 782]

Events (20 events):
Event: 112.636 Executing VM operation: ChangeBreakpoints
Event: 112.636 Executing VM operation: ChangeBreakpoints done
Event: 112.644 Executing VM operation: ChangeBreakpoints
Event: 112.644 Executing VM operation: ChangeBreakpoints done
Event: 112.646 Executing VM operation: GetFrameCount
Event: 112.646 Executing VM operation: GetFrameCount done
Event: 112.646 Executing VM operation: GetStackTrace
Event: 112.647 Executing VM operation: GetStackTrace done
Event: 123.177 Executing VM operation: ChangeBreakpoints
Event: 123.177 Executing VM operation: ChangeBreakpoints done
Event: 124.563 Executing VM operation: ChangeBreakpoints
Event: 124.563 Executing VM operation: ChangeBreakpoints done
Event: 127.485 Executing VM operation: ChangeBreakpoints
Event: 127.485 Executing VM operation: ChangeBreakpoints done
Event: 132.700 Executing VM operation: ChangeBreakpoints
Event: 132.700 Executing VM operation: ChangeBreakpoints done
Event: 138.217 Executing VM operation: GetFrameCount
Event: 138.217 Executing VM operation: GetFrameCount done
Event: 138.350 Executing VM operation: GetFrameCount
Event: 138.350 Executing VM operation: GetFrameCount done


Dynamic libraries:
0x00007ff68a170000 - 0x00007ff68a17d000 	C:\Users\DELL\Downloads\eclipse-java-2020-12-R-win32-x86_64\eclipse\plugins\org.eclipse.justj.openjdk.hotspot.jre.full.win32.x86_64_15.0.1.v20201027-0507\jre\bin\javaw.exe
0x00007ff965660000 - 0x00007ff965850000 	C:\Windows\SYSTEM32\ntdll.dll
0x00007ff964ca0000 - 0x00007ff964d52000 	C:\Windows\System32\KERNEL32.DLL
0x00007ff962720000 - 0x00007ff9629c5000 	C:\Windows\System32\KERNELBASE.dll
0x00007ff962a00000 - 0x00007ff962afa000 	C:\Windows\System32\ucrtbase.dll
0x00007ff95d580000 - 0x00007ff95d598000 	C:\Users\DELL\Downloads\eclipse-java-2020-12-R-win32-x86_64\eclipse\plugins\org.eclipse.justj.openjdk.hotspot.jre.full.win32.x86_64_15.0.1.v20201027-0507\jre\bin\jli.dll
0x00007ff964f50000 - 0x00007ff9650e4000 	C:\Windows\System32\USER32.dll
0x00007ff9629d0000 - 0x00007ff9629f1000 	C:\Windows\System32\win32u.dll
0x00007ff964b70000 - 0x00007ff964b96000 	C:\Windows\System32\GDI32.dll
0x00007ff962d00000 - 0x00007ff962e96000 	C:\Windows\System32\gdi32full.dll
0x00007ff962b00000 - 0x00007ff962b9e000 	C:\Windows\System32\msvcp_win.dll
0x00007ff955a40000 - 0x00007ff955a59000 	C:\Users\DELL\Downloads\eclipse-java-2020-12-R-win32-x86_64\eclipse\plugins\org.eclipse.justj.openjdk.hotspot.jre.full.win32.x86_64_15.0.1.v20201027-0507\jre\bin\VCRUNTIME140.dll
0x00007ff952f60000 - 0x00007ff9531e4000 	C:\Windows\WinSxS\amd64_microsoft.windows.common-controls_6595b64144ccf1df_6.0.18362.1256_none_9e7e379be45e40e2\COMCTL32.dll
0x00007ff964ad0000 - 0x00007ff964b6e000 	C:\Windows\System32\msvcrt.dll
0x00007ff9645a0000 - 0x00007ff9648d6000 	C:\Windows\System32\combase.dll
0x00007ff964480000 - 0x00007ff9645a0000 	C:\Windows\System32\RPCRT4.dll
0x00007ff963680000 - 0x00007ff963701000 	C:\Windows\System32\bcryptPrimitives.dll
0x00007ff964e40000 - 0x00007ff964e6e000 	C:\Windows\System32\IMM32.DLL
0x00007ff95afd0000 - 0x00007ff95afdc000 	C:\Users\DELL\Downloads\eclipse-java-2020-12-R-win32-x86_64\eclipse\plugins\org.eclipse.justj.openjdk.hotspot.jre.full.win32.x86_64_15.0.1.v20201027-0507\jre\bin\vcruntime140_1.dll
0x00007ff9556a0000 - 0x00007ff955731000 	C:\Users\DELL\Downloads\eclipse-java-2020-12-R-win32-x86_64\eclipse\plugins\org.eclipse.justj.openjdk.hotspot.jre.full.win32.x86_64_15.0.1.v20201027-0507\jre\bin\msvcp140.dll
0x00007ff936ff0000 - 0x00007ff937b4e000 	C:\Users\DELL\Downloads\eclipse-java-2020-12-R-win32-x86_64\eclipse\plugins\org.eclipse.justj.openjdk.hotspot.jre.full.win32.x86_64_15.0.1.v20201027-0507\jre\bin\server\jvm.dll
0x00007ff965570000 - 0x00007ff965613000 	C:\Windows\System32\ADVAPI32.dll
0x00007ff9648e0000 - 0x00007ff964977000 	C:\Windows\System32\sechost.dll
0x00007ff9650f0000 - 0x00007ff9650f8000 	C:\Windows\System32\PSAPI.DLL
0x00007ff952340000 - 0x00007ff952349000 	C:\Windows\SYSTEM32\WSOCK32.dll
0x00007ff964ba0000 - 0x00007ff964c0f000 	C:\Windows\System32\WS2_32.dll
0x00007ff95ef20000 - 0x00007ff95ef44000 	C:\Windows\SYSTEM32\WINMM.dll
0x00007ff959070000 - 0x00007ff95907a000 	C:\Windows\SYSTEM32\VERSION.dll
0x00007ff95eef0000 - 0x00007ff95ef1d000 	C:\Windows\SYSTEM32\WINMMBASE.dll
0x00007ff962ea0000 - 0x00007ff962eea000 	C:\Windows\System32\cfgmgr32.dll
0x00007ff962540000 - 0x00007ff962551000 	C:\Windows\System32\kernel.appcore.dll
0x00007ff95ac50000 - 0x00007ff95ac5a000 	C:\Users\DELL\Downloads\eclipse-java-2020-12-R-win32-x86_64\eclipse\plugins\org.eclipse.justj.openjdk.hotspot.jre.full.win32.x86_64_15.0.1.v20201027-0507\jre\bin\jimage.dll
0x00007ff950510000 - 0x00007ff950704000 	C:\Windows\SYSTEM32\DBGHELP.DLL
0x00007ff94c920000 - 0x00007ff94c94a000 	C:\Windows\SYSTEM32\dbgcore.DLL
0x00007ff95add0000 - 0x00007ff95ae09000 	C:\Users\DELL\Downloads\eclipse-java-2020-12-R-win32-x86_64\eclipse\plugins\org.eclipse.justj.openjdk.hotspot.jre.full.win32.x86_64_15.0.1.v20201027-0507\jre\bin\jdwp.dll
0x00007ff95e3b0000 - 0x00007ff95e3be000 	C:\Users\DELL\Downloads\eclipse-java-2020-12-R-win32-x86_64\eclipse\plugins\org.eclipse.justj.openjdk.hotspot.jre.full.win32.x86_64_15.0.1.v20201027-0507\jre\bin\instrument.dll
0x00007ff952db0000 - 0x00007ff952dd5000 	C:\Users\DELL\Downloads\eclipse-java-2020-12-R-win32-x86_64\eclipse\plugins\org.eclipse.justj.openjdk.hotspot.jre.full.win32.x86_64_15.0.1.v20201027-0507\jre\bin\java.dll
0x00007ff955a20000 - 0x00007ff955a38000 	C:\Users\DELL\Downloads\eclipse-java-2020-12-R-win32-x86_64\eclipse\plugins\org.eclipse.justj.openjdk.hotspot.jre.full.win32.x86_64_15.0.1.v20201027-0507\jre\bin\zip.dll
0x00007ff963710000 - 0x00007ff963df7000 	C:\Windows\System32\SHELL32.dll
0x00007ff964060000 - 0x00007ff964109000 	C:\Windows\System32\shcore.dll
0x00007ff962ef0000 - 0x00007ff963671000 	C:\Windows\System32\windows.storage.dll
0x00007ff962510000 - 0x00007ff962533000 	C:\Windows\System32\profapi.dll
0x00007ff962560000 - 0x00007ff9625aa000 	C:\Windows\System32\powrprof.dll
0x00007ff962500000 - 0x00007ff962510000 	C:\Windows\System32\UMPDC.dll
0x00007ff964ed0000 - 0x00007ff964f22000 	C:\Windows\System32\shlwapi.dll
0x00007ff962ba0000 - 0x00007ff962bb7000 	C:\Windows\System32\cryptsp.dll
0x00007ff95d4e0000 - 0x00007ff95d4eb000 	C:\Users\DELL\Downloads\eclipse-java-2020-12-R-win32-x86_64\eclipse\plugins\org.eclipse.justj.openjdk.hotspot.jre.full.win32.x86_64_15.0.1.v20201027-0507\jre\bin\dt_socket.dll
0x00007ff961a60000 - 0x00007ff961a9a000 	C:\Windows\SYSTEM32\IPHLPAPI.DLL
0x00007ff961d50000 - 0x00007ff961db7000 	C:\Windows\system32\mswsock.dll
0x00007ff961aa0000 - 0x00007ff961b6b000 	C:\Windows\SYSTEM32\DNSAPI.dll
0x00007ff964c90000 - 0x00007ff964c98000 	C:\Windows\System32\NSI.dll
0x00007ff9582c0000 - 0x00007ff9582ca000 	C:\Windows\System32\rasadhlp.dll
0x00007ff957d00000 - 0x00007ff957d77000 	C:\Windows\System32\fwpuclnt.dll
0x00007ff962bc0000 - 0x00007ff962be6000 	C:\Windows\System32\bcrypt.dll
0x00007ff952d10000 - 0x00007ff952d29000 	C:\Users\DELL\Downloads\eclipse-java-2020-12-R-win32-x86_64\eclipse\plugins\org.eclipse.justj.openjdk.hotspot.jre.full.win32.x86_64_15.0.1.v20201027-0507\jre\bin\net.dll
0x00007ff957590000 - 0x00007ff957680000 	C:\Windows\SYSTEM32\WINHTTP.dll
0x00007ff952750000 - 0x00007ff952762000 	C:\Users\DELL\Downloads\eclipse-java-2020-12-R-win32-x86_64\eclipse\plugins\org.eclipse.justj.openjdk.hotspot.jre.full.win32.x86_64_15.0.1.v20201027-0507\jre\bin\nio.dll
0x00007ff95a970000 - 0x00007ff95a980000 	C:\Users\DELL\Downloads\eclipse-java-2020-12-R-win32-x86_64\eclipse\plugins\org.eclipse.justj.openjdk.hotspot.jre.full.win32.x86_64_15.0.1.v20201027-0507\jre\bin\verify.dll

dbghelp: loaded successfully - version: 4.0.5 - missing functions: none
symbol engine: initialized successfully - sym options: 0x614 - pdb path: .;C:\Users\DELL\Downloads\eclipse-java-2020-12-R-win32-x86_64\eclipse\plugins\org.eclipse.justj.openjdk.hotspot.jre.full.win32.x86_64_15.0.1.v20201027-0507\jre\bin;C:\Windows\SYSTEM32;C:\Windows\WinSxS\amd64_microsoft.windows.common-controls_6595b64144ccf1df_6.0.18362.1256_none_9e7e379be45e40e2;C:\Users\DELL\Downloads\eclipse-java-2020-12-R-win32-x86_64\eclipse\plugins\org.eclipse.justj.openjdk.hotspot.jre.full.win32.x86_64_15.0.1.v20201027-0507\jre\bin\server

VM Arguments:
jvm_args: -XX:+ShowCodeDetailsInExceptionMessages -agentlib:jdwp=transport=dt_socket,suspend=y,address=localhost:54445 -javaagent:C:\Users\DELL\Downloads\eclipse-java-2020-12-R-win32-x86_64\eclipse\configuration\org.eclipse.osgi\220\0\.cp\lib\javaagent-shaded.jar -Dfile.encoding=Cp1252 
java_command: practice.Job_laguDe
java_class_path (initial): C:\Users\DELL\velocity\Java Practice\bin
Launcher Type: SUN_STANDARD

[Global flags]
     intx CICompilerCount                          = 3                                         {product} {ergonomic}
     uint ConcGCThreads                            = 1                                         {product} {ergonomic}
     uint G1ConcRefinementThreads                  = 4                                         {product} {ergonomic}
   size_t G1HeapRegionSize                         = 1048576                                   {product} {ergonomic}
    uintx GCDrainStackTargetSize                   = 64                                        {product} {ergonomic}
   size_t InitialHeapSize                          = 67108864                                  {product} {ergonomic}
   size_t MarkStackSize                            = 4194304                                   {product} {ergonomic}
   size_t MaxHeapSize                              = 1050673152                                {product} {ergonomic}
   size_t MaxNewSize                               = 630194176                                 {product} {ergonomic}
   size_t MinHeapDeltaBytes                        = 1048576                                   {product} {ergonomic}
   size_t MinHeapSize                              = 8388608                                   {product} {ergonomic}
    uintx NonNMethodCodeHeapSize                   = 5832780                                {pd product} {ergonomic}
    uintx NonProfiledCodeHeapSize                  = 122912730                              {pd product} {ergonomic}
    uintx ProfiledCodeHeapSize                     = 122912730                              {pd product} {ergonomic}
    uintx ReservedCodeCacheSize                    = 251658240                              {pd product} {ergonomic}
     bool SegmentedCodeCache                       = true                                      {product} {ergonomic}
     bool ShowCodeDetailsInExceptionMessages       = true                                   {manageable} {command line}
   size_t SoftMaxHeapSize                          = 1050673152                             {manageable} {ergonomic}
     bool UseCompressedClassPointers               = true                                 {lp64_product} {ergonomic}
     bool UseCompressedOops                        = true                                 {lp64_product} {ergonomic}
     bool UseG1GC                                  = true                                      {product} {ergonomic}
     bool UseLargePagesIndividualAllocation        = false                                  {pd product} {ergonomic}

Logging:
Log output configuration:
 #0: stdout all=warning uptime,level,tags
 #1: stderr all=off uptime,level,tags

Environment Variables:
JAVA_HOME=C:\Program Files\Java\jdk1.8.0_333
PATH=C:\Users\DELL\Downloads\eclipse-java-2020-12-R-win32-x86_64\eclipse\plugins\org.eclipse.justj.openjdk.hotspot.jre.full.win32.x86_64_15.0.1.v20201027-0507\jre\bin;C:/Users/DELL/Downloads/eclipse-java-2020-12-R-win32-x86_64/eclipse//plugins/org.eclipse.justj.openjdk.hotspot.jre.full.win32.x86_64_15.0.1.v20201027-0507/jre/bin/server;C:/Users/DELL/Downloads/eclipse-java-2020-12-R-win32-x86_64/eclipse//plugins/org.eclipse.justj.openjdk.hotspot.jre.full.win32.x86_64_15.0.1.v20201027-0507/jre/bin;C:\oraclexe\app\oracle\product\11.2.0\server\bin;;C:\Program Files (x86)\Common Files\Oracle\Java\javapath;C:\Windows\system32;C:\Windows;C:\Windows\System32\Wbem;C:\Windows\System32\WindowsPowerShell\v1.0\;C:\Windows\System32\OpenSSH\;C:\Program Files\Java\jdk1.8.0_333\bin;C:\Users\DELL\AppData\Local\Microsoft\WindowsApps;;C:\Users\DELL\Downloads\eclipse-java-2020-12-R-win32-x86_64\eclipse;
USERNAME=DELL
OS=Windows_NT
PROCESSOR_IDENTIFIER=Intel64 Family 6 Model 42 Stepping 7, GenuineIntel



---------------  S Y S T E M  ---------------

OS:
 Windows 10 , 64 bit Build 18362 (10.0.18362.1110)
OS uptime: 0 days 14:01 hours

CPU: total 4 (initial active 4) (2 cores per cpu, 2 threads per core) family 6 model 42 stepping 7 microcode 0x2e, cmov, cx8, fxsr, mmx, sse, sse2, sse3, ssse3, sse4.1, sse4.2, popcnt, vzeroupper, avx, aes, clmul, ht, tsc, tscinvbit, clflush

Memory: 4k page, system-wide physical 4002M (960M free)
TotalPageFile size 5730M (AvailPageFile size 1549M)
current process WorkingSet (physical memory assigned to process): 43M, peak: 45M
current process commit charge ("private bytes"): 135M, peak: 137M

vm_info: OpenJDK 64-Bit Server VM (15.0.1+9-18) for windows-amd64 JRE (15.0.1+9-18), built on Sep 15 2020 14:39:31 by "mach5one" with unknown MS VC++:1925

END.
